[31mError: While importing 'app', an ImportError was raised:

Traceback (most recent call last):
  File "/usr/lib/python3/dist-packages/flask/cli.py", line 245, in locate_app
    __import__(module_name)
    ~~~~~~~~~~^^^^^^^^^^^^^
  File "/media/psf/Home/Developer/htb/incompetentbastard/app.py", line 4, in <module>
    from flask_bootstrap import Bootstrap
ModuleNotFoundError: No module named 'flask_bootstrap'

[0m
Usage: flask [OPTIONS] COMMAND [ARGS]...
Try 'flask --help' for help.

Error: No such command 'db'.
[31mError: While importing 'app', an ImportError was raised:

Traceback (most recent call last):
  File "/usr/lib/python3/dist-packages/flask/cli.py", line 245, in locate_app
    __import__(module_name)
    ~~~~~~~~~~^^^^^^^^^^^^^
  File "/media/psf/Home/Developer/htb/incompetentbastard/app.py", line 4, in <module>
    from flask_bootstrap import Bootstrap
ModuleNotFoundError: No module named 'flask_bootstrap'

[0m
Usage: flask [OPTIONS] COMMAND [ARGS]...
Try 'flask --help' for help.

Error: No such command 'db'.
[31mError: While importing 'app', an ImportError was raised:

Traceback (most recent call last):
  File "/usr/lib/python3/dist-packages/flask/cli.py", line 245, in locate_app
    __import__(module_name)
    ~~~~~~~~~~^^^^^^^^^^^^^
  File "/media/psf/Home/Developer/htb/incompetentbastard/app.py", line 4, in <module>
    from flask_bootstrap import Bootstrap
ModuleNotFoundError: No module named 'flask_bootstrap'

[0m
Usage: flask [OPTIONS] COMMAND [ARGS]...
Try 'flask --help' for help.

Error: No such command 'db'.
Usage: flask run [OPTIONS]
Try 'flask run --help' for help.

Error: While importing 'app', an ImportError was raised:

Traceback (most recent call last):
  File "/usr/lib/python3/dist-packages/flask/cli.py", line 245, in locate_app
    __import__(module_name)
    ~~~~~~~~~~^^^^^^^^^^^^^
  File "/media/psf/Home/Developer/htb/incompetentbastard/app.py", line 4, in <module>
    from flask_bootstrap import Bootstrap
ModuleNotFoundError: No module named 'flask_bootstrap'

[31mError: While importing 'app', an ImportError was raised:

Traceback (most recent call last):
  File "/usr/lib/python3/dist-packages/flask/cli.py", line 245, in locate_app
    __import__(module_name)
    ~~~~~~~~~~^^^^^^^^^^^^^
  File "/media/psf/Home/Developer/htb/incompetentbastard/app.py", line 4, in <module>
    from flask_bootstrap import Bootstrap
ModuleNotFoundError: No module named 'flask_bootstrap'

[0m
Usage: flask [OPTIONS] COMMAND [ARGS]...
Try 'flask --help' for help.

Error: No such command 'db'.
[31mError: While importing 'app', an ImportError was raised:

Traceback (most recent call last):
  File "/usr/lib/python3/dist-packages/flask/cli.py", line 245, in locate_app
    __import__(module_name)
    ~~~~~~~~~~^^^^^^^^^^^^^
  File "/media/psf/Home/Developer/htb/incompetentbastard/app.py", line 4, in <module>
    from flask_bootstrap import Bootstrap
ModuleNotFoundError: No module named 'flask_bootstrap'

[0m
Usage: flask [OPTIONS] COMMAND [ARGS]...
Try 'flask --help' for help.

Error: No such command 'db'.
[31mError: While importing 'app', an ImportError was raised:

Traceback (most recent call last):
  File "/usr/lib/python3/dist-packages/flask/cli.py", line 245, in locate_app
    __import__(module_name)
    ~~~~~~~~~~^^^^^^^^^^^^^
  File "/media/psf/Home/Developer/htb/incompetentbastard/app.py", line 4, in <module>
    from flask_bootstrap import Bootstrap
ModuleNotFoundError: No module named 'flask_bootstrap'

[0m
Usage: flask [OPTIONS] COMMAND [ARGS]...
Try 'flask --help' for help.

Error: No such command 'db'.
Usage: flask run [OPTIONS]
Try 'flask run --help' for help.

Error: While importing 'app', an ImportError was raised:

Traceback (most recent call last):
  File "/usr/lib/python3/dist-packages/flask/cli.py", line 245, in locate_app
    __import__(module_name)
    ~~~~~~~~~~^^^^^^^^^^^^^
  File "/media/psf/Home/Developer/htb/incompetentbastard/app.py", line 4, in <module>
    from flask_bootstrap import Bootstrap
ModuleNotFoundError: No module named 'flask_bootstrap'

Usage: flask run [OPTIONS]
Try 'flask run --help' for help.

Error: While importing 'app', an ImportError was raised:

Traceback (most recent call last):
  File "/usr/lib/python3/dist-packages/flask/cli.py", line 245, in locate_app
    __import__(module_name)
    ~~~~~~~~~~^^^^^^^^^^^^^
  File "/media/psf/Home/Developer/htb/incompetentbastard/app.py", line 4, in <module>
    from flask_bootstrap import Bootstrap
ModuleNotFoundError: No module named 'flask_bootstrap'

